<?xml version="1.0" encoding="UTF-8"?>
<!-- Generated by org.testng.reporters.JUnitReportReporter -->
<testsuite hostname="Shifanas-MBP" failures="0" tests="2" name="com.qa.tests.GetAPITest" time="2.986" errors="0" timestamp="23 Oct. 2018 04:17:24 GMT" skipped="0">
  <testcase classname="com.qa.tests.GetAPITest" name="getAPITestWithoutHeader" time="1.944"/>
  <testcase classname="com.qa.tests.GetAPITest" name="getAPITestWithHeader" time="1.042"/>
</testsuite> <!-- com.qa.tests.GetAPITest -->
