<?xml version="1.0" encoding="UTF-8"?>
<!-- Generated by org.testng.reporters.JUnitReportReporter -->
<testsuite hostname="Shifanas-MBP" failures="0" tests="1" name="com.qa.tests.PostAPITest" time="2.551" errors="0" timestamp="24 Oct. 2018 05:29:15 GMT" skipped="0">
  <testcase classname="com.qa.tests.PostAPITest" name="postAPITest" time="2.551"/>
</testsuite> <!-- com.qa.tests.PostAPITest -->
